d:\projects\calendar\planfeeks\planfeeks\debug\vc142.pdb
d:\projects\calendar\planfeeks\planfeeks\debug\vc142.idb
d:\projects\calendar\planfeeks\planfeeks\debug\source.obj
d:\projects\calendar\planfeeks\planfeeks\debug\planfeek_main.obj
d:\projects\calendar\planfeeks\planfeeks\debug\shapes.obj
d:\projects\calendar\planfeeks\planfeeks\debug\main.obj
d:\projects\calendar\planfeeks\planfeeks\debug\rendering.obj
d:\projects\calendar\planfeeks\planfeeks\debug\planfeeks_main.obj
d:\projects\calendar\planfeeks\planfeeks\debug\materials.obj
d:\projects\calendar\planfeeks\planfeeks\debug\events.obj
d:\projects\calendar\planfeeks\planfeeks\debug\do_tasks.obj
d:\projects\calendar\planfeeks\planfeeks\debug\events_mouse.obj
d:\projects\calendar\planfeeks\planfeeks\debug\materials_shapes.obj
d:\projects\calendar\planfeeks\planfeeks\debug\materials_screen_parameters.obj
d:\projects\calendar\planfeeks\planfeeks\debug\do_tasks_screen_swipe.obj
d:\projects\calendar\planfeeks\planfeeks\debug\events_window.obj
d:\projects\calendar\planfeeks\planfeeks\debug\do_tasks_shut_down_app.obj
d:\projects\calendar\planfeeks\planfeeks\debug\do_tasks_screen_swipe_horizontal.obj
d:\projects\calendar\planfeeks\planfeeks\debug\materials_constants.obj
d:\projects\calendar\planfeeks\planfeeks\debug\events_mouse_left_button.obj
d:\projects\calendar\planfeeks\planfeeks\debug\materials_colors.obj
d:\projects\calendar\planfeeks\planfeeks\debug\do_tasks_screen_swipe_vertical.obj
d:\projects\calendar\planfeeks\planfeeks\debug\rendering_main_screen.obj
d:\projects\calendar\planfeeks\planfeeks\debug\rendering_main_screen_rows.obj
d:\projects\calendar\planfeeks\planfeeks\debug\rendering_main_screen_columns.obj
d:\projects\calendar\planfeeks\planfeeks\debug\parameters.obj
d:\projects\calendar\planfeeks\planfeeks\debug\constants.obj
d:\projects\calendar\planfeeks\planfeeks\debug\colors.obj
d:\projects\calendar\planfeeks\planfeeks\debug\shut_down_app.obj
d:\projects\calendar\planfeeks\planfeeks\debug\window.obj
d:\projects\calendar\planfeeks\planfeeks\debug\mouse.obj
d:\projects\calendar\planfeeks\planfeeks\debug\left_button.obj
d:\projects\calendar\planfeeks\planfeeks\debug\rows.obj
d:\projects\calendar\planfeeks\planfeeks\debug\main_screen.obj
d:\projects\calendar\planfeeks\planfeeks\debug\columns.obj
d:\projects\calendar\planfeeks\planfeeks\debug\vertical.obj
d:\projects\calendar\planfeeks\planfeeks\debug\screen_swipe.obj
d:\projects\calendar\planfeeks\planfeeks\debug\horizontal.obj
d:\projects\calendar\planfeeks\planfeeks\debug\for_rendering.obj
d:\projects\calendar\planfeeks\planfeeks\debug\column.obj
d:\projects\calendar\planfeeks\planfeeks\debug\row.obj
d:\projects\calendar\planfeeks\planfeeks\debug\times.obj
d:\projects\calendar\planfeeks\planfeeks\debug\months.obj
d:\projects\calendar\planfeeks\planfeeks\debug\fonts.obj
d:\projects\calendar\planfeeks\planfeeks\debug\arial.obj
d:\projects\calendar\planfeeks\planfeeks\debug\texts.obj
d:\projects\calendar\planfeeks\planfeeks\debug\for_main_screen.obj
d:\projects\calendar\planfeeks\planfeeks\debug\text_day.obj
d:\projects\calendar\planfeeks\planfeeks\debug\shape_row.obj
d:\projects\calendar\planfeeks\planfeeks\debug\shape_column.obj
d:\projects\calendar\planfeeks\planfeeks\debug\days.obj
d:\projects\calendar\planfeeks\planfeeks\debug\sw_columns.obj
d:\projects\calendar\planfeeks\planfeeks\debug\sw_rows.obj
d:\projects\calendar\planfeeks\planfeeks\debug\sw_days.obj
d:\projects\calendar\planfeeks\planfeeks\debug\text_hour.obj
d:\projects\calendar\planfeeks\planfeeks\debug\hours.obj
d:\projects\calendar\planfeeks\debug\planfeeks.exe
d:\projects\calendar\planfeeks\debug\planfeeks.ilk
d:\projects\calendar\planfeeks\debug\planfeeks.pdb
d:\projects\calendar\planfeeks\planfeeks\debug\planfeeks.tlog\cl.command.1.tlog
d:\projects\calendar\planfeeks\planfeeks\debug\planfeeks.tlog\cl.read.1.tlog
d:\projects\calendar\planfeeks\planfeeks\debug\planfeeks.tlog\cl.write.1.tlog
d:\projects\calendar\planfeeks\planfeeks\debug\planfeeks.tlog\link.command.1.tlog
d:\projects\calendar\planfeeks\planfeeks\debug\planfeeks.tlog\link.read.1.tlog
d:\projects\calendar\planfeeks\planfeeks\debug\planfeeks.tlog\link.write.1.tlog
